TN:
SF:src/ProofOfSolvency.sol
DA:40,7
FN:40,ProofOfSolvency.constructor
FNDA:7,ProofOfSolvency.constructor
DA:41,7
DA:42,7
DA:43,7
DA:48,2
FN:48,ProofOfSolvency.updateRoot
FNDA:2,ProofOfSolvency.updateRoot
DA:49,2
BRDA:49,0,0,1
DA:50,1
DA:53,4
FN:53,ProofOfSolvency.proveAndRecord
FNDA:4,ProofOfSolvency.proveAndRecord
DA:58,4
BRDA:58,1,0,1
DA:60,3
DA:61,3
DA:62,3
DA:64,3
DA:65,3
BRDA:65,2,0,3
DA:66,2
DA:67,1
BRDA:67,2,1,1
DA:68,1
DA:70,2
BRDA:70,3,0,1
DA:71,1
FNF:3
FNH:3
LF:19
LH:19
BRF:5
BRH:5
end_of_record
TN:
SF:test/ProofOfSolvency.t.sol
DA:9,1
FN:9,FalseVerifier.verify
FNDA:1,FalseVerifier.verify
DA:10,1
FNF:1
FNH:1
LF:2
LH:2
BRF:0
BRH:0
end_of_record
